# JRE version: Java(TM) SE Runtime Environment (8.0_211-b12) (build 1.8.0_211-b12)
# Java VM: Java HotSpot(TM) 64-Bit Server VM (25.211-b12 mixed mode windows-amd64 compressed oops)
Heap:
 PSYoungGen      total 248832K, used 82928K [0x00000000d5d80000, 0x00000000e6880000, 0x0000000100000000)
  eden space 235008K, 35% used [0x00000000d5d80000,0x00000000dae7c0d0,0x00000000e4300000)
  from space 13824K, 0% used [0x00000000e5580000,0x00000000e5580000,0x00000000e6300000)
  to   space 18944K, 0% used [0x00000000e4300000,0x00000000e4300000,0x00000000e5580000)
 ParOldGen       total 87552K, used 23728K [0x0000000081800000, 0x0000000086d80000, 0x00000000d5d80000)
  object space 87552K, 27% used [0x0000000081800000,0x0000000082f2c128,0x0000000086d80000)
 Metaspace       used 38451K, capacity 40164K, committed 40448K, reserved 1083392K
  class space    used 5205K, capacity 5531K, committed 5632K, reserved 1048576K
GC Heap History (10 events):
Event: 9.656 GC heap before
{Heap before GC invocations=4 (full 0):
 PSYoungGen      total 71680K, used 15649K [0x00000000d5d80000, 0x00000000de980000, 0x0000000100000000)
  eden space 66560K, 15% used [0x00000000d5d80000,0x00000000d67ce468,0x00000000d9e80000)
  from space 5120K, 99% used [0x00000000d9e80000,0x00000000da37a250,0x00000000da380000)
  to   space 5120K, 0% used [0x00000000de480000,0x00000000de480000,0x00000000de980000)
 ParOldGen       total 87552K, used 5869K [0x0000000081800000, 0x0000000086d80000, 0x00000000d5d80000)
  object space 87552K, 6% used [0x0000000081800000,0x0000000081dbb698,0x0000000086d80000)
 Metaspace       used 20673K, capacity 21220K, committed 21296K, reserved 1067008K
  class space    used 2753K, capacity 2908K, committed 2944K, reserved 1048576K
Event: 9.702 GC heap after
Heap after GC invocations=4 (full 0):
 PSYoungGen      total 138240K, used 5096K [0x00000000d5d80000, 0x00000000de980000, 0x0000000100000000)
  eden space 133120K, 0% used [0x00000000d5d80000,0x00000000d5d80000,0x00000000ddf80000)
  from space 5120K, 99% used [0x00000000de480000,0x00000000de97a250,0x00000000de980000)
  to   space 5120K, 0% used [0x00000000ddf80000,0x00000000ddf80000,0x00000000de480000)
 ParOldGen       total 87552K, used 6788K [0x0000000081800000, 0x0000000086d80000, 0x00000000d5d80000)
  object space 87552K, 7% used [0x0000000081800000,0x0000000081ea1280,0x0000000086d80000)
 Metaspace       used 20673K, capacity 21220K, committed 21296K, reserved 1067008K
  class space    used 2753K, capacity 2908K, committed 2944K, reserved 1048576K
}
Event: 9.703 GC heap before
{Heap before GC invocations=5 (full 1):
 PSYoungGen      total 138240K, used 5096K [0x00000000d5d80000, 0x00000000de980000, 0x0000000100000000)
  eden space 133120K, 0% used [0x00000000d5d80000,0x00000000d5d80000,0x00000000ddf80000)
  from space 5120K, 99% used [0x00000000de480000,0x00000000de97a250,0x00000000de980000)
  to   space 5120K, 0% used [0x00000000ddf80000,0x00000000ddf80000,0x00000000de480000)
 ParOldGen       total 87552K, used 6788K [0x0000000081800000, 0x0000000086d80000, 0x00000000d5d80000)
  object space 87552K, 7% used [0x0000000081800000,0x0000000081ea1280,0x0000000086d80000)
 Metaspace       used 20673K, capacity 21220K, committed 21296K, reserved 1067008K
  class space    used 2753K, capacity 2908K, committed 2944K, reserved 1048576K
Event: 9.846 GC heap after
Heap after GC invocations=5 (full 1):
 PSYoungGen      total 138240K, used 0K [0x00000000d5d80000, 0x00000000de980000, 0x0000000100000000)
  eden space 133120K, 0% used [0x00000000d5d80000,0x00000000d5d80000,0x00000000ddf80000)
  from space 5120K, 0% used [0x00000000de480000,0x00000000de480000,0x00000000de980000)
  to   space 5120K, 0% used [0x00000000ddf80000,0x00000000ddf80000,0x00000000de480000)
 ParOldGen       total 50688K, used 6650K [0x0000000081800000, 0x0000000084980000, 0x00000000d5d80000)
  object space 50688K, 13% used [0x0000000081800000,0x0000000081e7e828,0x0000000084980000)
 Metaspace       used 20673K, capacity 21220K, committed 21296K, reserved 1067008K
  class space    used 2753K, capacity 2908K, committed 2944K, reserved 1048576K
}
Event: 12.691 GC heap before
{Heap before GC invocations=6 (full 1):
 PSYoungGen      total 138240K, used 133120K [0x00000000d5d80000, 0x00000000de980000, 0x0000000100000000)
  eden space 133120K, 100% used [0x00000000d5d80000,0x00000000ddf80000,0x00000000ddf80000)
  from space 5120K, 0% used [0x00000000de480000,0x00000000de480000,0x00000000de980000)
  to   space 5120K, 0% used [0x00000000ddf80000,0x00000000ddf80000,0x00000000de480000)
 ParOldGen       total 50688K, used 6650K [0x0000000081800000, 0x0000000084980000, 0x00000000d5d80000)
  object space 50688K, 13% used [0x0000000081800000,0x0000000081e7e828,0x0000000084980000)
 Metaspace       used 27393K, capacity 28312K, committed 28544K, reserved 1073152K
  class space    used 3654K, capacity 3890K, committed 3968K, reserved 1048576K
Event: 12.721 GC heap after
Heap after GC invocations=6 (full 1):
 PSYoungGen      total 138240K, used 5104K [0x00000000d5d80000, 0x00000000e6300000, 0x0000000100000000)
  eden space 133120K, 0% used [0x00000000d5d80000,0x00000000d5d80000,0x00000000ddf80000)
  from space 5120K, 99% used [0x00000000ddf80000,0x00000000de47c030,0x00000000de480000)
  to   space 13824K, 0% used [0x00000000e5580000,0x00000000e5580000,0x00000000e6300000)
 ParOldGen       total 50688K, used 14868K [0x0000000081800000, 0x0000000084980000, 0x00000000d5d80000)
  object space 50688K, 29% used [0x0000000081800000,0x00000000826853f8,0x0000000084980000)
 Metaspace       used 27393K, capacity 28312K, committed 28544K, reserved 1073152K
  class space    used 3654K, capacity 3890K, committed 3968K, reserved 1048576K
}
Event: 15.811 GC heap before
{Heap before GC invocations=7 (full 1):
 PSYoungGen      total 138240K, used 120114K [0x00000000d5d80000, 0x00000000e6300000, 0x0000000100000000)
  eden space 133120K, 86% used [0x00000000d5d80000,0x00000000dcdd0920,0x00000000ddf80000)
  from space 5120K, 99% used [0x00000000ddf80000,0x00000000de47c030,0x00000000de480000)
  to   space 13824K, 0% used [0x00000000e5580000,0x00000000e5580000,0x00000000e6300000)
 ParOldGen       total 50688K, used 14868K [0x0000000081800000, 0x0000000084980000, 0x00000000d5d80000)
  object space 50688K, 29% used [0x0000000081800000,0x00000000826853f8,0x0000000084980000)
 Metaspace       used 33958K, capacity 35442K, committed 35496K, reserved 1079296K
  class space    used 4546K, capacity 4841K, committed 4864K, reserved 1048576K
Event: 15.869 GC heap after
Heap after GC invocations=7 (full 1):
 PSYoungGen      total 248832K, used 13805K [0x00000000d5d80000, 0x00000000e6880000, 0x0000000100000000)
  eden space 235008K, 0% used [0x00000000d5d80000,0x00000000d5d80000,0x00000000e4300000)
  from space 13824K, 99% used [0x00000000e5580000,0x00000000e62fb718,0x00000000e6300000)
  to   space 18944K, 0% used [0x00000000e4300000,0x00000000e4300000,0x00000000e5580000)
 ParOldGen       total 50688K, used 19294K [0x0000000081800000, 0x0000000084980000, 0x00000000d5d80000)
  object space 50688K, 38% used [0x0000000081800000,0x0000000082ad78d0,0x0000000084980000)
 Metaspace       used 33958K, capacity 35442K, committed 35496K, reserved 1079296K
  class space    used 4546K, capacity 4841K, committed 4864K, reserved 1048576K
}
Event: 15.869 GC heap before
{Heap before GC invocations=8 (full 2):
 PSYoungGen      total 248832K, used 13805K [0x00000000d5d80000, 0x00000000e6880000, 0x0000000100000000)
  eden space 235008K, 0% used [0x00000000d5d80000,0x00000000d5d80000,0x00000000e4300000)
  from space 13824K, 99% used [0x00000000e5580000,0x00000000e62fb718,0x00000000e6300000)
  to   space 18944K, 0% used [0x00000000e4300000,0x00000000e4300000,0x00000000e5580000)
 ParOldGen       total 50688K, used 19294K [0x0000000081800000, 0x0000000084980000, 0x00000000d5d80000)
  object space 50688K, 38% used [0x0000000081800000,0x0000000082ad78d0,0x0000000084980000)
 Metaspace       used 33958K, capacity 35442K, committed 35496K, reserved 1079296K
  class space    used 4546K, capacity 4841K, committed 4864K, reserved 1048576K
Event: 16.202 GC heap after
Heap after GC invocations=8 (full 2):
 PSYoungGen      total 248832K, used 0K [0x00000000d5d80000, 0x00000000e6880000, 0x0000000100000000)
  eden space 235008K, 0% used [0x00000000d5d80000,0x00000000d5d80000,0x00000000e4300000)
  from space 13824K, 0% used [0x00000000e5580000,0x00000000e5580000,0x00000000e6300000)
  to   space 18944K, 0% used [0x00000000e4300000,0x00000000e4300000,0x00000000e5580000)
 ParOldGen       total 87552K, used 23728K [0x0000000081800000, 0x0000000086d80000, 0x00000000d5d80000)
  object space 87552K, 27% used [0x0000000081800000,0x0000000082f2c128,0x0000000086d80000)
 Metaspace       used 33958K, capacity 35442K, committed 35496K, reserved 1079296K
  class space    used 4546K, capacity 4841K, committed 4864K, reserved 1048576K
}

